Levels\LevelsMP\1_0_InTheLastEpisode.wld
Levels\LevelsMP\1_1_Palenque.wld
Levels\LevelsMP\1_2_Palenque.wld
Levels\LevelsMP\1_3_Teotihuacan.wld
Levels\LevelsMP\1_4_Teotihuacan.wld
Levels\LevelsMP\1_5_Teotihuacan.wld
Levels\LevelsMP\2_1_Ziggurrat.wld
Levels\LevelsMP\2_2_Persepolis.wld
Levels\LevelsMP\2_3_Persepolis.wld
Levels\LevelsMP\2_4_TowerOfBabylon.wld
Levels\LevelsMP\3_1_GothicCastle.wld
Levels\LevelsMP\3_2_LandOfDamned.wld
Levels\LevelsMP\3_3_CorridorOfDeath.wld
Levels\LevelsMP\Deathmatch\DM_LittleTrouble.wld
Levels\LevelsMP\Deathmatch\DM_TheLostTomb.wld
Levels\LevelsMP\Deathmatch\Fortress.wld
Levels\LevelsMP\Deathmatch\Hole.wld
Levels\LevelsMP\Deathmatch\KuntaKinte.wld
Levels\LevelsMP\Deathmatch\RedStation.wld
Levels\LevelsMP\Deathmatch\WeGotSkullsNBonesToo.wld
Levels\LevelsMP\Deathmatch\Yodeller.wld
Levels\LevelsMP\Deathmatch\DockingBay.wld
Levels\LevelsMP\Deathmatch\Lefty.wld
Levels\LevelsMP\Deathmatch\RaSpahShoy.wld
Levels\LevelsMP\Deathmatch\ShootMe.wld
Levels\LevelsMP\Deathmatch\SunPalace.wld
Levels\LevelsMP\Technology\TechTest.wld
Levels\LevelsMP\Intro.wld
Levels\LevelsMP\Demo\Palenque_Demo.wld
